<?xml version="1.0" encoding="UTF-8"?>
<!-- Generated by org.testng.reporters.JUnitXMLReporter -->
<testsuite ignored="0" hostname="DESKTOP-2GULKS9" failures="0" tests="4" name="Default test" time="38.203" errors="0" timestamp="2024-08-08T09:23:57 PDT">
  <testcase classname="api.test.UserTest" name="testpostuser" time="16.245"/>
  <testcase classname="api.test.UserTest" name="testgetuser" time="8.767"/>
  <testcase classname="api.test.UserTest" name="testupdateuser" time="5.981"/>
  <testcase classname="api.test.UserTest" name="testdeleteuser" time="6.463"/>
</testsuite> <!-- Default test -->
