<?xml version="1.0" encoding="UTF-8"?>
<!-- Generated by org.testng.reporters.JUnitXMLReporter -->
<testsuite ignored="0" hostname="DESKTOP-2GULKS9" failures="0" tests="4" name="Test" time="14.727" errors="0" timestamp="2024-08-08T23:09:40 PDT">
  <testcase classname="api.test.Usertest_propertyfile" name="testpostuser" time="5.105"/>
  <testcase classname="api.test.Usertest_propertyfile" name="testgetuser" time="2.444"/>
  <testcase classname="api.test.Usertest_propertyfile" name="testupdateuser" time="3.453"/>
  <testcase classname="api.test.Usertest_propertyfile" name="testdeleteuser" time="1.36"/>
</testsuite> <!-- Test -->
