<?xml version="1.0" encoding="UTF-8"?>
<!-- Generated by org.testng.reporters.JUnitXMLReporter -->
<testsuite ignored="0" hostname="DESKTOP-2GULKS9" failures="0" tests="4" name="Test" time="14.656" errors="0" timestamp="2024-08-09T02:55:44 PDT">
  <testcase classname="api.test.Usertest_propertyfile" name="testpostuser" time="6.341"/>
  <testcase classname="api.test.Usertest_propertyfile" name="testgetuser" time="1.804"/>
  <testcase classname="api.test.Usertest_propertyfile" name="testupdateuser" time="2.574"/>
  <testcase classname="api.test.Usertest_propertyfile" name="testdeleteuser" time="1.752"/>
</testsuite> <!-- Test -->
