<?xml version="1.0" encoding="UTF-8"?>
<testng-results ignored="0" total="4" passed="4" failed="0" skipped="0">
  <reporter-output>
  </reporter-output>
  <suite started-at="2024-08-09T07:23:58 PDT" name="Suite" finished-at="2024-08-09T07:24:13 PDT" duration-ms="14924">
    <groups>
    </groups>
    <test started-at="2024-08-09T07:23:58 PDT" name="Test" finished-at="2024-08-09T07:24:13 PDT" duration-ms="14924">
      <class name="api.test.Usertest_propertyfile">
        <test-method is-config="true" signature="setup()[pri:0, instance:api.test.Usertest_propertyfile@291ae]" started-at="2024-08-09T07:23:59 PDT" name="setup" finished-at="2024-08-09T07:24:00 PDT" duration-ms="1148" status="PASS">
          <reporter-output>
          </reporter-output>
        </test-method> <!-- setup -->
        <test-method signature="testpostuser()[pri:1, instance:api.test.Usertest_propertyfile@291ae]" started-at="2024-08-09T07:24:00 PDT" name="testpostuser" finished-at="2024-08-09T07:24:06 PDT" duration-ms="5833" status="PASS">
          <reporter-output>
          </reporter-output>
        </test-method> <!-- testpostuser -->
        <test-method signature="testgetuser()[pri:2, instance:api.test.Usertest_propertyfile@291ae]" started-at="2024-08-09T07:24:06 PDT" name="testgetuser" finished-at="2024-08-09T07:24:08 PDT" duration-ms="2464" status="PASS">
          <reporter-output>
          </reporter-output>
        </test-method> <!-- testgetuser -->
        <test-method signature="testupdateuser()[pri:3, instance:api.test.Usertest_propertyfile@291ae]" started-at="2024-08-09T07:24:08 PDT" name="testupdateuser" finished-at="2024-08-09T07:24:11 PDT" duration-ms="3060" status="PASS">
          <reporter-output>
          </reporter-output>
        </test-method> <!-- testupdateuser -->
        <test-method signature="testdeleteuser()[pri:4, instance:api.test.Usertest_propertyfile@291ae]" started-at="2024-08-09T07:24:11 PDT" name="testdeleteuser" finished-at="2024-08-09T07:24:13 PDT" duration-ms="2063" status="PASS">
          <reporter-output>
          </reporter-output>
        </test-method> <!-- testdeleteuser -->
      </class> <!-- api.test.Usertest_propertyfile -->
    </test> <!-- Test -->
  </suite> <!-- Suite -->
</testng-results>
