<?xml version="1.0" encoding="UTF-8"?>
<testng-results ignored="0" total="4" passed="4" failed="0" skipped="0">
  <reporter-output>
  </reporter-output>
  <suite started-at="2024-08-08T23:09:25 PDT" name="Suite" finished-at="2024-08-08T23:09:39 PDT" duration-ms="14727">
    <groups>
    </groups>
    <test started-at="2024-08-08T23:09:25 PDT" name="Test" finished-at="2024-08-08T23:09:39 PDT" duration-ms="14727">
      <class name="api.test.Usertest_propertyfile">
        <test-method is-config="true" signature="setup()[pri:0, instance:api.test.Usertest_propertyfile@5c7933ad]" started-at="2024-08-08T23:09:25 PDT" name="setup" finished-at="2024-08-08T23:09:27 PDT" duration-ms="1750" status="PASS">
          <reporter-output>
          </reporter-output>
        </test-method> <!-- setup -->
        <test-method signature="testpostuser()[pri:1, instance:api.test.Usertest_propertyfile@5c7933ad]" started-at="2024-08-08T23:09:27 PDT" name="testpostuser" finished-at="2024-08-08T23:09:32 PDT" duration-ms="5105" status="PASS">
          <reporter-output>
          </reporter-output>
        </test-method> <!-- testpostuser -->
        <test-method signature="testgetuser()[pri:2, instance:api.test.Usertest_propertyfile@5c7933ad]" started-at="2024-08-08T23:09:32 PDT" name="testgetuser" finished-at="2024-08-08T23:09:34 PDT" duration-ms="2444" status="PASS">
          <reporter-output>
          </reporter-output>
        </test-method> <!-- testgetuser -->
        <test-method signature="testupdateuser()[pri:3, instance:api.test.Usertest_propertyfile@5c7933ad]" started-at="2024-08-08T23:09:34 PDT" name="testupdateuser" finished-at="2024-08-08T23:09:38 PDT" duration-ms="3453" status="PASS">
          <reporter-output>
          </reporter-output>
        </test-method> <!-- testupdateuser -->
        <test-method signature="testdeleteuser()[pri:4, instance:api.test.Usertest_propertyfile@5c7933ad]" started-at="2024-08-08T23:09:38 PDT" name="testdeleteuser" finished-at="2024-08-08T23:09:39 PDT" duration-ms="1360" status="PASS">
          <reporter-output>
          </reporter-output>
        </test-method> <!-- testdeleteuser -->
      </class> <!-- api.test.Usertest_propertyfile -->
    </test> <!-- Test -->
  </suite> <!-- Suite -->
</testng-results>
